<?xml version="1.0" encoding="UTF-8"?>
<testng-results ignored="0" total="1" passed="1" failed="0" skipped="0">
  <reporter-output>
  </reporter-output>
  <suite started-at="2020-12-14T18:08:02 IST" name="Default suite" finished-at="2020-12-14T18:08:29 IST" duration-ms="26317">
    <groups>
      <group name="cucumber">
        <method signature="AbstractTestNGCucumberTests.runScenario(io.cucumber.testng.PickleWrapper, io.cucumber.testng.FeatureWrapper)[pri:0, instance:StepExecution.TestRunner@15bb5034]" name="runScenario" class="io.cucumber.testng.AbstractTestNGCucumberTests"/>
      </group> <!-- cucumber -->
    </groups>
    <test started-at="2020-12-14T18:08:02 IST" name="Default test" finished-at="2020-12-14T18:08:29 IST" duration-ms="26317">
      <class name="StepExecution.TestRunner">
        <test-method is-config="true" signature="setUpClass()[pri:0, instance:StepExecution.TestRunner@15bb5034]" started-at="2020-12-14T18:08:02 IST" name="setUpClass" finished-at="2020-12-14T18:08:03 IST" duration-ms="335" status="PASS">
          <reporter-output>
          </reporter-output>
        </test-method> <!-- setUpClass -->
        <test-method signature="runScenario(io.cucumber.testng.PickleWrapper, io.cucumber.testng.FeatureWrapper)[pri:0, instance:StepExecution.TestRunner@15bb5034]" started-at="2020-12-14T18:08:03 IST" name="runScenario" description="Runs Cucumber Scenarios" data-provider="scenarios" finished-at="2020-12-14T18:08:29 IST" duration-ms="25912" status="PASS">
          <params>
            <param index="0">
              <value>
                <![CDATA["Validate succesful creation of class for admin"]]>
              </value>
            </param>
            <param index="1">
              <value>
                <![CDATA["Optional[To verify whether application allows admin to create class]"]]>
              </value>
            </param>
          </params>
          <reporter-output>
          </reporter-output>
        </test-method> <!-- runScenario -->
        <test-method is-config="true" signature="tearDownClass()[pri:0, instance:StepExecution.TestRunner@15bb5034]" started-at="2020-12-14T18:08:29 IST" name="tearDownClass" finished-at="2020-12-14T18:08:29 IST" duration-ms="18" status="PASS">
          <reporter-output>
          </reporter-output>
        </test-method> <!-- tearDownClass -->
      </class> <!-- StepExecution.TestRunner -->
    </test> <!-- Default test -->
  </suite> <!-- Default suite -->
</testng-results>
